22:58:48.562 DEBUG 获取到配置信息: 
22:58:48.562 DEBUG {"outPut":{"minifyCss":true,"minifyJs":true,"addVersion":true},"root":"/src","entry":"one","title":"页面","outFolder":"../public/phone","resourceFolder":"./src/resource","headList":[{"http-equiv":"content-type","content":"text/html; charset=UTF-8"},{"name":"viewport","content":"initial-scale=1,user-scalable=no,maximum-scale=1"}],"scriptList":[{"name":"echarts","src":"https://echarts.baidu.com/dist/echarts.common.min.js"},{"name":"main","src":"./src/main.js"}],"styleList":[{"name":"main","src":"./src/main.css"}],"pageList":[{"main":true,"isPage":true,"name":"one","src":"./src/page/one.page","temple":"<temple name=\"one\" src=\"./src/page/one.page\" isPage=\"true\"></temple>"},{"isPage":true,"name":"two","src":"./src/page/two.page","temple":"<temple name=\"two\" src=\"./src/page/two.page\" isPage=\"true\"></temple>"},{"isPage":true,"name":"three","src":"./src/page/three.page","temple":"<temple name=\"three\" src=\"./src/page/three.page\" isPage=\"true\"></temple>"}],"dev":{"watcher":{"enable":true,"ignored":"./dist/*","depth":99},"outPut":{"minifyCss":false,"minifyJs":false,"addVersion":false},"serverPort":8000,"server":true,"autoReload":true},"build":{"outPut":{"minifyCss":true,"minifyJs":true,"addVersion":true}}} 
22:58:48.562 INFO  --------------------------- 开始编译 --------------------------- 
22:58:48.562 INFO  程序运行目录: C:\Users\my\Documents\GitHub\shares\phone 
22:58:48.562 INFO  首次启动! 
22:58:48.562 INFO  生成版本号: cmi3025f127 
22:58:48.562 INFO  文件夹不存在: C:\Users\my\Documents\GitHub\shares\public\phone 
22:58:48.563 INFO  创建文件夹: C:\Users\my\Documents\GitHub\shares\public\phone 
22:58:48.563 INFO  文件夹不存在: C:\Users\my\Documents\GitHub\shares\public\phone\static 
22:58:48.563 INFO  创建文件夹: C:\Users\my\Documents\GitHub\shares\public\phone\static 
22:58:48.563 INFO  读取模板文件: C:\Users\my\Documents\GitHub\pack\index.html 
22:58:48.563 DEBUG 读取网页标题: 页面 
22:58:48.563 DEBUG 处理页面源信息: [{"http-equiv":"content-type","content":"text/html; charset=UTF-8"},{"name":"viewport","content":"initial-scale=1,user-scalable=no,maximum-scale=1"}] 
22:58:48.697 INFO  文件夹不存在: C:\Users\my\Documents\GitHub\shares\public\phone\static\resource 
22:58:48.697 INFO  创建文件夹: C:\Users\my\Documents\GitHub\shares\public\phone\static\resource 
22:58:48.712 INFO  工程中包含多个页面! 
22:58:48.712 INFO  文件夹不存在: C:\Users\my\Documents\GitHub\shares\public\phone\static\css 
22:58:48.713 INFO  创建文件夹: C:\Users\my\Documents\GitHub\shares\public\phone\static\css 
22:58:48.713 INFO  写文件: C:\Users\my\Documents\GitHub\shares\public\phone\static\css\ozzx.animation.cmi3025f127.css 
22:58:48.713 DEBUG 页面中不包含切换动画! 
22:58:49.563 INFO  文件夹不存在: C:\Users\my\Documents\GitHub\shares\public\phone\static\js 
22:58:49.564 INFO  创建文件夹: C:\Users\my\Documents\GitHub\shares\public\phone\static\js 
22:58:49.565 DEBUG 处理引用脚本: [{"name":"echarts","src":"https://echarts.baidu.com/dist/echarts.common.min.js"},{"name":"main","src":"./src/main.js"}] 
22:58:49.565 DEBUG 外部脚本数量: 2 
22:58:49.565 DEBUG 处理脚本: echarts 
22:58:49.565 DEBUG 网络脚本: echarts 
22:58:49.565 DEBUG 处理脚本: main 
22:58:49.565 DEBUG 不使用bable处理脚本! 
22:58:49.565 INFO  读取文件: C:\Users\my\Documents\GitHub\shares\phone\src\main.js 
22:58:49.566 DEBUG 判断是否可以输出Html! 
22:58:49.566 DEBUG 还有没有经过处理的资源! 
22:58:49.765 DEBUG 需要经过特殊处理的css: [[".ox-one .one-box ",".ox-one "],[".ox-two .one-box ",".ox-two "],[".ox-three .one-box ",".ox-three "]] 
22:58:49.765 INFO  读取文件: C:\Users\my\Documents\GitHub\shares\phone\src\main.css 
22:58:49.765 DEBUG 判断是否可以输出Html! 
22:58:49.765 DEBUG 准备输出html! 
22:58:49.769 INFO  读取成功: C:\Users\my\Documents\GitHub\shares\phone\src\main.css 
22:58:49.769 INFO  读取成功: C:\Users\my\Documents\GitHub\shares\phone\src\main.js 
22:58:49.769 INFO  写入文件: C:\Users\my\Documents\GitHub\shares\public\phone\static\css\main.css 
22:58:49.770 INFO  写入文件: C:\Users\my\Documents\GitHub\shares\public\phone\static\js\main.js 
